<?xml version="1.0" encoding="UTF-8"?>
<testng-results skipped="0" failed="0" ignored="0" total="1" passed="1">
  <reporter-output>
  </reporter-output>
  <suite name="Default suite" duration-ms="6641" started-at="2021-06-23T06:46:38Z" finished-at="2021-06-23T06:46:45Z">
    <groups>
    </groups>
    <test name="Default test" duration-ms="6641" started-at="2021-06-23T06:46:38Z" finished-at="2021-06-23T06:46:45Z">
      <class name="com.rmg.endToend.scenarios.PutProject">
        <test-method status="PASS" signature="updateAndVerify()[pri:0, instance:com.rmg.endToend.scenarios.PutProject@1b604f19]" name="updateAndVerify" duration-ms="6594" started-at="2021-06-23T06:46:38Z" finished-at="2021-06-23T06:46:45Z">
          <reporter-output>
          </reporter-output>
        </test-method> <!-- updateAndVerify -->
      </class> <!-- com.rmg.endToend.scenarios.PutProject -->
    </test> <!-- Default test -->
  </suite> <!-- Default suite -->
</testng-results>
